02:49:11 2022-12-07 [INFO] Executing command /home/irisowner/irissys/startISCAgent.sh 2188...
02:49:11 2022-12-07 [INFO] Writing status to file: /home/irisowner/irissys/iscagent.status
Reading configuration from file: /home/irisowner/irissys/iscagent.conf
ISCAgent[17]: Starting
ISCAgent[19]: Starting ApplicationServer on *:2188

02:49:11 2022-12-07 [INFO] ...executed command /home/irisowner/irissys/startISCAgent.sh 2188
02:49:11 2022-12-07 [INFO] Starting InterSystems IRIS instance IRIS...
02:49:17 2022-12-07 [INFO] Starting Control Process
Global buffer setting requires attention.  Auto-selected 25% of total memory.
Allocated 4701MB shared memory
3996MB global buffers, 300MB routine buffers
Starting Control Process
Global buffer setting requires attention.  Auto-selected 25% of total memory.
Allocated 4701MB shared memory
3996MB global buffers, 300MB routine buffers
Starting Control Process
Global buffer setting requires attention.  Auto-selected 25% of total memory.
Allocated 4701MB shared memory
3996MB global buffers, 300MB routine buffers
Starting Control Process
Global buffer setting requires attention.  Auto-selected 25% of total memory.
Allocated 4701MB shared memory
3996MB global buffers, 300MB routine buffers
Starting Control Process
Global buffer setting requires attention.  Auto-selected 25% of total memory.
Allocated 4701MB shared memory
3996MB global buffers, 300MB routine buffers
Starting Control Process
Global buffer setting requires attention.  Auto-selected 25% of total memory.
Allocated 4701MB shared memory
3996MB global buffers, 300MB routine buffers
Starting Control Process
Global buffer setting requires attention.  Auto-selected 25% of total memory.
Allocated 4701MB shared memory
3996MB global buffers, 300MB routine buffers
Starting Control Process
Global buffer setting requires attention.  Auto-selected 25% of total memory.
Allocated 4701MB shared memory
3996MB global buffers, 300MB routine buffers
Starting Control Process
Global buffer setting requires attention.  Auto-selected 25% of total memory.
Allocated 4701MB shared memory
3996MB global buffers, 300MB routine buffers
Starting Control Process
Global buffer setting requires attention.  Auto-selected 25% of total memory.
Allocated 4701MB shared memory
3996MB global buffers, 300MB routine buffers
Starting Control Process
Global buffer setting requires attention.  Auto-selected 25% of total memory.
Allocated 4701MB shared memory
3996MB global buffers, 300MB routine buffers
Starting Control Process
Global buffer setting requires attention.  Auto-selected 25% of total memory.
Allocated 4701MB shared memory
3996MB global buffers, 300MB routine buffers
Starting Control Process
Global buffer setting requires attention.  Auto-selected 25% of total memory.
Allocated 4701MB shared memory
3996MB global buffers, 300MB routine buffers
Starting Control Process
Global buffer setting requires attention.  Auto-selected 25% of total memory.
Allocated 4701MB shared memory
3996MB global buffers, 300MB routine buffers
Starting Control Process
Global buffer setting requires attention.  Auto-selected 25% of total memory.
Allocated 4701MB shared memory
3996MB global buffers, 300MB routine buffers
Starting Control Process
Global buffer setting requires attention.  Auto-selected 25% of total memory.
Allocated 4701MB shared memory
3996MB global buffers, 300MB routine buffers
Starting Control Process
Global buffer setting requires attention.  Auto-selected 25% of total memory.
Allocated 4701MB shared memory
3996MB global buffers, 300MB routine buffers
Starting Control Process
Global buffer setting requires attention.  Auto-selected 25% of total memory.
Allocated 4701MB shared memory
3996MB global buffers, 300MB routine buffers
Starting Control Process
Global buffer setting requires attention.  Auto-selected 25% of total memory.
Allocated 4701MB shared memory
3996MB global buffers, 300MB routine buffers
Starting Control Process
Global buffer setting requires attention.  Auto-selected 25% of total memory.
Allocated 4701MB shared memory
3996MB global buffers, 300MB routine buffers
Starting Control Process
Global buffer setting requires attention.  Auto-selected 25% of total memory.
Allocated 4701MB shared memory
3996MB global buffers, 300MB routine buffers
Starting Control Process
Global buffer setting requires attention.  Auto-selected 25% of total memory.
Allocated 4701MB shared memory
3996MB global buffers, 300MB routine buffers
Starting Control Process
Global buffer setting requires attention.  Auto-selected 25% of total memory.
Allocated 4701MB shared memory
3996MB global buffers, 300MB routine buffers
Starting Control Process
Global buffer setting requires attention.  Auto-selected 25% of total memory.
Allocated 4701MB shared memory
3996MB global buffers, 300MB routine buffers
Starting Control Process
Global buffer setting requires attention.  Auto-selected 25% of total memory.
Allocated 4701MB shared memory
3996MB global buffers, 300MB routine buffers
Starting Control Process
Global buffer setting requires attention.  Auto-selected 25% of total memory.
Allocated 4701MB shared memory
3996MB global buffers, 300MB routine buffers
Starting Control Process
Global buffer setting requires attention.  Auto-selected 25% of total memory.
Allocated 4701MB shared memory
3996MB global buffers, 300MB routine buffers
Starting Control Process
Global buffer setting requires attention.  Auto-selected 25% of total memory.
Allocated 4701MB shared memory
3996MB global buffers, 300MB routine buffers
Starting Control Process
Global buffer setting requires attention.  Auto-selected 25% of total memory.
Allocated 4701MB shared memory
3996MB global buffers, 300MB routine buffers
Starting Control Process
Global buffer setting requires attention.  Auto-selected 25% of total memory.
Allocated 4701MB shared memory
3996MB global buffers, 300MB routine buffers
Starting Control Process
Global buffer setting requires attention.  Auto-selected 25% of total memory.
Allocated 4701MB shared memory
3996MB global buffers, 300MB routine buffers
Starting Control Process
Global buffer setting requires attention.  Auto-selected 25% of total memory.
Allocated 4701MB shared memory
3996MB global buffers, 300MB routine buffers
Starting Control Process
Global buffer setting requires attention.  Auto-selected 25% of total memory.
Allocated 4701MB shared memory
3996MB global buffers, 300MB routine buffers
Starting Control Process
Global buffer setting requires attention.  Auto-selected 25% of total memory.
Allocated 4701MB shared memory
3996MB global buffers, 300MB routine buffers
Starting Control Process
Global buffer setting requires attention.  Auto-selected 25% of total memory.
Allocated 4701MB shared memory
3996MB global buffers, 300MB routine buffers
Starting Control Process
Global buffer setting requires attention.  Auto-selected 25% of total memory.
Allocated 4701MB shared memory
3996MB global buffers, 300MB routine buffers
Starting Control Process
Global buffer setting requires attention.  Auto-selected 25% of total memory.
Allocated 4701MB shared memory
3996MB global buffers, 300MB routine buffers
Starting Control Process
Global buffer setting requires attention.  Auto-selected 25% of total memory.
Allocated 4701MB shared memory
3996MB global buffers, 300MB routine buffers
Starting Control Process
Global buffer setting requires attention.  Auto-selected 25% of total memory.
Allocated 4701MB shared memory
3996MB global buffers, 300MB routine buffers
Starting Control Process
Global buffer setting requires attention.  Auto-selected 25% of total memory.
Allocated 4701MB shared memory
3996MB global buffers, 300MB routine buffers
This copy of InterSystems IRIS has been licensed for use exclusively by:
InterSystems IRIS Community
Copyright (c) 1986-2022 by InterSystems Corporation
Any other use is a violation of your license agreement

1 alert(s) during startup. See messages.log for details.
Starting IRIS


02:49:17 2022-12-07 [INFO] ...started InterSystems IRIS instance IRIS
